# JRE version: Java(TM) SE Runtime Environment (8.0_31-b13) (build 1.8.0_31-b13)
# Java VM: Java HotSpot(TM) 64-Bit Server VM (25.31-b07 mixed mode windows-amd64 compressed oops)
Heap:
 PSYoungGen      total 204800K, used 40159K [0x00000000eab00000, 0x00000000f8780000, 0x0000000100000000)
  eden space 194560K, 20% used [0x00000000eab00000,0x00000000ed237eb8,0x00000000f6900000)
  from space 10240K, 0% used [0x00000000f7700000,0x00000000f7700000,0x00000000f8100000)
  to   space 14336K, 0% used [0x00000000f6900000,0x00000000f6900000,0x00000000f7700000)
 ParOldGen       total 49152K, used 22678K [0x00000000c0000000, 0x00000000c3000000, 0x00000000eab00000)
  object space 49152K, 46% used [0x00000000c0000000,0x00000000c1625838,0x00000000c3000000)
 Metaspace       used 35846K, capacity 36590K, committed 36864K, reserved 1081344K
  class space    used 4821K, capacity 5009K, committed 5120K, reserved 1048576K
GC Heap History (10 events):
Event: 48.790 GC heap before
{Heap before GC invocations=8 (full 1):
 PSYoungGen      total 72704K, used 65536K [0x00000000eab00000, 0x00000000efa00000, 0x0000000100000000)
  eden space 65536K, 100% used [0x00000000eab00000,0x00000000eeb00000,0x00000000eeb00000)
  from space 7168K, 0% used [0x00000000ef300000,0x00000000ef300000,0x00000000efa00000)
  to   space 7680K, 0% used [0x00000000eeb00000,0x00000000eeb00000,0x00000000ef280000)
 ParOldGen       total 34816K, used 10867K [0x00000000c0000000, 0x00000000c2200000, 0x00000000eab00000)
  object space 34816K, 31% used [0x00000000c0000000,0x00000000c0a9cea8,0x00000000c2200000)
 Metaspace       used 20907K, capacity 21286K, committed 21632K, reserved 1069056K
  class space    used 2730K, capacity 2855K, committed 2944K, reserved 1048576K
Event: 48.913 GC heap after
Heap after GC invocations=8 (full 1):
 PSYoungGen      total 73216K, used 1328K [0x00000000eab00000, 0x00000000f3780000, 0x0000000100000000)
  eden space 65536K, 0% used [0x00000000eab00000,0x00000000eab00000,0x00000000eeb00000)
  from space 7680K, 17% used [0x00000000eeb00000,0x00000000eec4c040,0x00000000ef280000)
  to   space 8192K, 0% used [0x00000000f2f80000,0x00000000f2f80000,0x00000000f3780000)
 ParOldGen       total 34816K, used 10867K [0x00000000c0000000, 0x00000000c2200000, 0x00000000eab00000)
  object space 34816K, 31% used [0x00000000c0000000,0x00000000c0a9cea8,0x00000000c2200000)
 Metaspace       used 20907K, capacity 21286K, committed 21632K, reserved 1069056K
  class space    used 2730K, capacity 2855K, committed 2944K, reserved 1048576K
}
Event: 49.592 GC heap before
{Heap before GC invocations=9 (full 1):
 PSYoungGen      total 73216K, used 66864K [0x00000000eab00000, 0x00000000f3780000, 0x0000000100000000)
  eden space 65536K, 100% used [0x00000000eab00000,0x00000000eeb00000,0x00000000eeb00000)
  from space 7680K, 17% used [0x00000000eeb00000,0x00000000eec4c040,0x00000000ef280000)
  to   space 8192K, 0% used [0x00000000f2f80000,0x00000000f2f80000,0x00000000f3780000)
 ParOldGen       total 34816K, used 10867K [0x00000000c0000000, 0x00000000c2200000, 0x00000000eab00000)
  object space 34816K, 31% used [0x00000000c0000000,0x00000000c0a9cea8,0x00000000c2200000)
 Metaspace       used 20909K, capacity 21286K, committed 21632K, reserved 1069056K
  class space    used 2730K, capacity 2855K, committed 2944K, reserved 1048576K
Event: 49.640 GC heap after
Heap after GC invocations=9 (full 1):
 PSYoungGen      total 135680K, used 1920K [0x00000000eab00000, 0x00000000f3780000, 0x0000000100000000)
  eden space 127488K, 0% used [0x00000000eab00000,0x00000000eab00000,0x00000000f2780000)
  from space 8192K, 23% used [0x00000000f2f80000,0x00000000f3160030,0x00000000f3780000)
  to   space 8192K, 0% used [0x00000000f2780000,0x00000000f2780000,0x00000000f2f80000)
 ParOldGen       total 34816K, used 10867K [0x00000000c0000000, 0x00000000c2200000, 0x00000000eab00000)
  object space 34816K, 31% used [0x00000000c0000000,0x00000000c0a9cea8,0x00000000c2200000)
 Metaspace       used 20909K, capacity 21286K, committed 21632K, reserved 1069056K
  class space    used 2730K, capacity 2855K, committed 2944K, reserved 1048576K
}
Event: 71.205 GC heap before
{Heap before GC invocations=10 (full 1):
 PSYoungGen      total 135680K, used 129408K [0x00000000eab00000, 0x00000000f3780000, 0x0000000100000000)
  eden space 127488K, 100% used [0x00000000eab00000,0x00000000f2780000,0x00000000f2780000)
  from space 8192K, 23% used [0x00000000f2f80000,0x00000000f3160030,0x00000000f3780000)
  to   space 8192K, 0% used [0x00000000f2780000,0x00000000f2780000,0x00000000f2f80000)
 ParOldGen       total 34816K, used 10867K [0x00000000c0000000, 0x00000000c2200000, 0x00000000eab00000)
  object space 34816K, 31% used [0x00000000c0000000,0x00000000c0a9cea8,0x00000000c2200000)
 Metaspace       used 26433K, capacity 27046K, committed 27392K, reserved 1073152K
  class space    used 3575K, capacity 3738K, committed 3840K, reserved 1048576K
Event: 71.233 GC heap after
Heap after GC invocations=10 (full 1):
 PSYoungGen      total 135680K, used 8190K [0x00000000eab00000, 0x00000000f8100000, 0x0000000100000000)
  eden space 127488K, 0% used [0x00000000eab00000,0x00000000eab00000,0x00000000f2780000)
  from space 8192K, 99% used [0x00000000f2780000,0x00000000f2f7f9e0,0x00000000f2f80000)
  to   space 10240K, 0% used [0x00000000f7700000,0x00000000f7700000,0x00000000f8100000)
 ParOldGen       total 34816K, used 13038K [0x00000000c0000000, 0x00000000c2200000, 0x00000000eab00000)
  object space 34816K, 37% used [0x00000000c0000000,0x00000000c0cbb870,0x00000000c2200000)
 Metaspace       used 26433K, capacity 27046K, committed 27392K, reserved 1073152K
  class space    used 3575K, capacity 3738K, committed 3840K, reserved 1048576K
}
Event: 128.491 GC heap before
{Heap before GC invocations=11 (full 1):
 PSYoungGen      total 135680K, used 133589K [0x00000000eab00000, 0x00000000f8100000, 0x0000000100000000)
  eden space 127488K, 98% used [0x00000000eab00000,0x00000000f2575ce0,0x00000000f2780000)
  from space 8192K, 99% used [0x00000000f2780000,0x00000000f2f7f9e0,0x00000000f2f80000)
  to   space 10240K, 0% used [0x00000000f7700000,0x00000000f7700000,0x00000000f8100000)
 ParOldGen       total 34816K, used 13038K [0x00000000c0000000, 0x00000000c2200000, 0x00000000eab00000)
  object space 34816K, 37% used [0x00000000c0000000,0x00000000c0cbb870,0x00000000c2200000)
 Metaspace       used 34568K, capacity 35286K, committed 35496K, reserved 1079296K
  class space    used 4648K, capacity 4834K, committed 4864K, reserved 1048576K
Event: 128.538 GC heap after
Heap after GC invocations=11 (full 1):
 PSYoungGen      total 204800K, used 10228K [0x00000000eab00000, 0x00000000f8780000, 0x0000000100000000)
  eden space 194560K, 0% used [0x00000000eab00000,0x00000000eab00000,0x00000000f6900000)
  from space 10240K, 99% used [0x00000000f7700000,0x00000000f80fd030,0x00000000f8100000)
  to   space 14336K, 0% used [0x00000000f6900000,0x00000000f6900000,0x00000000f7700000)
 ParOldGen       total 34816K, used 19507K [0x00000000c0000000, 0x00000000c2200000, 0x00000000eab00000)
  object space 34816K, 56% used [0x00000000c0000000,0x00000000c130ced8,0x00000000c2200000)
 Metaspace       used 34568K, capacity 35286K, committed 35496K, reserved 1079296K
  class space    used 4648K, capacity 4834K, committed 4864K, reserved 1048576K
}
Event: 128.538 GC heap before
{Heap before GC invocations=12 (full 2):
 PSYoungGen      total 204800K, used 10228K [0x00000000eab00000, 0x00000000f8780000, 0x0000000100000000)
  eden space 194560K, 0% used [0x00000000eab00000,0x00000000eab00000,0x00000000f6900000)
  from space 10240K, 99% used [0x00000000f7700000,0x00000000f80fd030,0x00000000f8100000)
  to   space 14336K, 0% used [0x00000000f6900000,0x00000000f6900000,0x00000000f7700000)
 ParOldGen       total 34816K, used 19507K [0x00000000c0000000, 0x00000000c2200000, 0x00000000eab00000)
  object space 34816K, 56% used [0x00000000c0000000,0x00000000c130ced8,0x00000000c2200000)
 Metaspace       used 34568K, capacity 35286K, committed 35496K, reserved 1079296K
  class space    used 4648K, capacity 4834K, committed 4864K, reserved 1048576K
Event: 128.661 GC heap after
Heap after GC invocations=12 (full 2):
 PSYoungGen      total 204800K, used 0K [0x00000000eab00000, 0x00000000f8780000, 0x0000000100000000)
  eden space 194560K, 0% used [0x00000000eab00000,0x00000000eab00000,0x00000000f6900000)
  from space 10240K, 0% used [0x00000000f7700000,0x00000000f7700000,0x00000000f8100000)
  to   space 14336K, 0% used [0x00000000f6900000,0x00000000f6900000,0x00000000f7700000)
 ParOldGen       total 49152K, used 22678K [0x00000000c0000000, 0x00000000c3000000, 0x00000000eab00000)
  object space 49152K, 46% used [0x00000000c0000000,0x00000000c1625838,0x00000000c3000000)
 Metaspace       used 34549K, capacity 35264K, committed 35496K, reserved 1079296K
  class space    used 4642K, capacity 4828K, committed 4864K, reserved 1048576K
}

